  소스.cpp
c:\opencv\build\include\opencv2\core\mat.hpp(1965): warning C4819: 현재 코드 페이지(949)에서 표시할 수 없는 문자가 파일에 들어 있습니다. 데이터가 손실되지 않게 하려면 해당 파일을 유니코드 형식으로 저장하십시오.
c:\opencv\build\include\opencv2\core\persistence.hpp : warning C4819: 현재 코드 페이지(949)에서 표시할 수 없는 문자가 파일에 들어 있습니다. 데이터가 손실되지 않게 하려면 해당 파일을 유니코드 형식으로 저장하십시오.
c:\opencv\build\include\opencv2\core\utility.hpp : warning C4819: 현재 코드 페이지(949)에서 표시할 수 없는 문자가 파일에 들어 있습니다. 데이터가 손실되지 않게 하려면 해당 파일을 유니코드 형식으로 저장하십시오.
c:\opencv\build\include\opencv2\core\utility.hpp : warning C4819: 현재 코드 페이지(949)에서 표시할 수 없는 문자가 파일에 들어 있습니다. 데이터가 손실되지 않게 하려면 해당 파일을 유니코드 형식으로 저장하십시오.
c:\users\채영\documents\visual studio 2015\projects\super_resolution\super_resolution\소스.cpp(39): warning C4244: '인수': 'int'에서 'float'(으)로 변환하면서 데이터가 손실될 수 있습니다.
c:\users\채영\documents\visual studio 2015\projects\super_resolution\super_resolution\소스.cpp(40): warning C4244: '인수': 'int'에서 'float'(으)로 변환하면서 데이터가 손실될 수 있습니다.
c:\users\채영\documents\visual studio 2015\projects\super_resolution\super_resolution\소스.cpp(41): warning C4244: '인수': 'int'에서 'float'(으)로 변환하면서 데이터가 손실될 수 있습니다.
c:\users\채영\documents\visual studio 2015\projects\super_resolution\super_resolution\소스.cpp(128): warning C4244: '인수': 'int'에서 'float'(으)로 변환하면서 데이터가 손실될 수 있습니다.
c:\users\채영\documents\visual studio 2015\projects\super_resolution\super_resolution\소스.cpp(129): warning C4244: '인수': 'int'에서 'float'(으)로 변환하면서 데이터가 손실될 수 있습니다.
c:\users\채영\documents\visual studio 2015\projects\super_resolution\super_resolution\소스.cpp(130): warning C4244: '인수': 'int'에서 'float'(으)로 변환하면서 데이터가 손실될 수 있습니다.
c:\users\채영\documents\visual studio 2015\projects\super_resolution\super_resolution\소스.cpp(135): warning C4244: '인수': 'int'에서 'float'(으)로 변환하면서 데이터가 손실될 수 있습니다.
c:\users\채영\documents\visual studio 2015\projects\super_resolution\super_resolution\소스.cpp(136): warning C4244: '인수': 'int'에서 'float'(으)로 변환하면서 데이터가 손실될 수 있습니다.
c:\users\채영\documents\visual studio 2015\projects\super_resolution\super_resolution\소스.cpp(137): warning C4244: '인수': 'int'에서 'float'(으)로 변환하면서 데이터가 손실될 수 있습니다.
c:\users\채영\documents\visual studio 2015\projects\super_resolution\super_resolution\소스.cpp(142): warning C4244: '인수': 'int'에서 'float'(으)로 변환하면서 데이터가 손실될 수 있습니다.
c:\users\채영\documents\visual studio 2015\projects\super_resolution\super_resolution\소스.cpp(143): warning C4244: '인수': 'int'에서 'float'(으)로 변환하면서 데이터가 손실될 수 있습니다.
c:\users\채영\documents\visual studio 2015\projects\super_resolution\super_resolution\소스.cpp(144): warning C4244: '인수': 'int'에서 'float'(으)로 변환하면서 데이터가 손실될 수 있습니다.
c:\users\채영\documents\visual studio 2015\projects\super_resolution\super_resolution\소스.cpp(149): warning C4244: '인수': 'int'에서 'float'(으)로 변환하면서 데이터가 손실될 수 있습니다.
c:\users\채영\documents\visual studio 2015\projects\super_resolution\super_resolution\소스.cpp(150): warning C4244: '인수': 'int'에서 'float'(으)로 변환하면서 데이터가 손실될 수 있습니다.
c:\users\채영\documents\visual studio 2015\projects\super_resolution\super_resolution\소스.cpp(151): warning C4244: '인수': 'int'에서 'float'(으)로 변환하면서 데이터가 손실될 수 있습니다.
  super_resolution.vcxproj -> C:\Users\채영\documents\visual studio 2015\Projects\super_resolution\Debug\super_resolution.exe
